<?xml version="1.0" encoding="UTF-8"?>
<!-- Generated by org.testng.reporters.JUnitReportReporter -->
<testsuite hostname="DESKTOP-K3COTAD" failures="0" tests="2" name="storeProcedureTesting.StoreProcedure" time="0.095" errors="0" timestamp="2022-04-06T11:51:25 IST" skipped="1">
  <testcase classname="storeProcedureTesting.StoreProcedure" name="test_setAllCustomers" time="0.095"/>
  <system-out/>
  <testcase classname="storeProcedureTesting.StoreProcedure" name="test_storeProcedureExists">
    <skipped/>
  </testcase> <!-- test_storeProcedureExists -->
  <system-out/>
</testsuite> <!-- storeProcedureTesting.StoreProcedure -->
